<?xml version="1.0" encoding="utf-8" ?>
<!DOCTYPE html PUBLIC "-//W3C//DTD XHTML 1.0 Strict//EN"
        "http://www.w3.org/TR/xhtml1/DTD/xhtml1-strict.dtd">
<html xmlns="http://www.w3.org/1999/xhtml" xml:lang="" lang="">
<head>
  <title>Test Results Report - Regression Test</title>
  <meta http-equiv="Content-Type" content="text/html;charset=utf-8" />
  <meta name="description" content="TestNG unit test results." />
  <link href="reportng.css" rel="stylesheet" type="text/css" />
    <script type="text/javascript" src="reportng.js"></script>
</head>
<body>
<h1>Regression Test</h1>
<p>
  Test duration: 98.300s
</p>



  <table class="resultsTable">
    <tr><th colspan="3" class="header failed">Failed Tests</th></tr>
          <tr>
        <td colspan="3" class="group">com.orangehrmlive.demo.testsuite.LoginTest</td>
      </tr>
            
<tr>
  <td class="method">
                  verifyErrorMessageWithInvalidCredentials
      </td>
  <td class="duration">
    20.673s
  </td>
  <td class="result">
        
          <i>Method arguments: </i><span class="arguments">"test123@gmail.com", "", "Required"</span><br />
    
            <div class="testOutput">
                        inputUsername<br />
                                inputPassword<br />
                                clickonLoginButton<br />
                  </div>
    

        <a href="javascript:toggleElement('exception-0', 'block')" title="Click to expand/collapse"><b>org.openqa.selenium.NoSuchElementException: no such element: Unable to locate element: {&quot;method&quot;:&quot;xpath&quot;,&quot;selector&quot;:&quot;//div[@class=&quot;orangehrm-login-slot-wrapper&quot;]//div[1]//div[1]//span[1]&quot;}<br/>
&nbsp; (Session info: chrome=131.0.6778.109)<br/>
For documentation on this error, please visit: https://www.selenium.dev/documentation/webdriver/troubleshooting/errors#no-such-element-exception<br/>
Build info: version: &apos;4.26.0&apos;, revision: &apos;8ccf0219d7&apos;<br/>
System info: os.name: &apos;Windows 11&apos;, os.arch: &apos;amd64&apos;, os.version: &apos;10.0&apos;, java.version: &apos;17.0.8&apos;<br/>
Driver info: org.openqa.selenium.chrome.ChromeDriver<br/>
Command: [49864eadbbbd28889bf550ff7a935d75, findElement {value=//div[@class=&quot;orangehrm-login-slot-wrapper&quot;]//div[1]//div[1]//span[1], using=xpath}]<br/>
Capabilities {acceptInsecureCerts: false, browserName: chrome, browserVersion: 131.0.6778.109, chrome: {chromedriverVersion: 131.0.6778.108 (3b014839fbc..., userDataDir: C:\Users\sadhw\AppData\Loca...}, fedcm:accounts: true, goog:chromeOptions: {debuggerAddress: localhost:56852}, networkConnectionEnabled: false, pageLoadStrategy: normal, platformName: windows, proxy: Proxy(), se:cdp: ws://localhost:56852/devtoo..., se:cdpVersion: 131.0.6778.109, setWindowRect: true, strictFileInteractability: false, timeouts: {implicit: 0, pageLoad: 300000, script: 30000}, unhandledPromptBehavior: dismiss and notify, webauthn:extension:credBlob: true, webauthn:extension:largeBlob: true, webauthn:extension:minPinLength: true, webauthn:extension:prf: true, webauthn:virtualAuthenticators: true}<br/>
Session ID: 49864eadbbbd28889bf550ff7a935d75</b></a><br />
    <div class="stackTrace" id="exception-0">
              java.base/jdk.internal.reflect.NativeConstructorAccessorImpl.newInstance0(Native Method)<br />
              java.base/jdk.internal.reflect.NativeConstructorAccessorImpl.newInstance(NativeConstructorAccessorImpl.java:77)<br />
              java.base/jdk.internal.reflect.DelegatingConstructorAccessorImpl.newInstance(DelegatingConstructorAccessorImpl.java:45)<br />
              java.base/java.lang.reflect.Constructor.newInstanceWithCaller(Constructor.java:499)<br />
              java.base/java.lang.reflect.Constructor.newInstance(Constructor.java:480)<br />
              org.openqa.selenium.remote.ErrorCodec.decode(ErrorCodec.java:167)<br />
              org.openqa.selenium.remote.codec.w3c.W3CHttpResponseCodec.decode(W3CHttpResponseCodec.java:138)<br />
              org.openqa.selenium.remote.codec.w3c.W3CHttpResponseCodec.decode(W3CHttpResponseCodec.java:50)<br />
              org.openqa.selenium.remote.HttpCommandExecutor.execute(HttpCommandExecutor.java:190)<br />
              org.openqa.selenium.remote.service.DriverCommandExecutor.invokeExecute(DriverCommandExecutor.java:216)<br />
              org.openqa.selenium.remote.service.DriverCommandExecutor.execute(DriverCommandExecutor.java:174)<br />
              org.openqa.selenium.remote.RemoteWebDriver.execute(RemoteWebDriver.java:545)<br />
              org.openqa.selenium.remote.ElementLocation$ElementFinder$2.findElement(ElementLocation.java:165)<br />
              org.openqa.selenium.remote.ElementLocation.findElement(ElementLocation.java:59)<br />
              org.openqa.selenium.remote.RemoteWebDriver.findElement(RemoteWebDriver.java:368)<br />
              org.openqa.selenium.remote.RemoteWebDriver.findElement(RemoteWebDriver.java:362)<br />
              org.openqa.selenium.support.pagefactory.DefaultElementLocator.findElement(DefaultElementLocator.java:68)<br />
              org.openqa.selenium.support.pagefactory.internal.LocatingElementHandler.invoke(LocatingElementHandler.java:38)<br />
              jdk.proxy2/jdk.proxy2.$Proxy16.getText(Unknown Source)<br />
              com.orangehrmlive.demo.utilities.Utility.getTextFromElement(Utility.java:38)<br />
              com.orangehrmlive.demo.pages.LoginPage.VerifyRequirederroeMsg(LoginPage.java:71)<br />
              com.orangehrmlive.demo.testsuite.LoginTest.verifyErrorMessageWithInvalidCredentials(LoginTest.java:91)<br />
              java.base/jdk.internal.reflect.NativeMethodAccessorImpl.invoke0(Native Method)<br />
              java.base/jdk.internal.reflect.NativeMethodAccessorImpl.invoke(NativeMethodAccessorImpl.java:77)<br />
              java.base/jdk.internal.reflect.DelegatingMethodAccessorImpl.invoke(DelegatingMethodAccessorImpl.java:43)<br />
              java.base/java.lang.reflect.Method.invoke(Method.java:568)<br />
              org.testng.internal.invokers.MethodInvocationHelper.invokeMethod(MethodInvocationHelper.java:141)<br />
              org.testng.internal.invokers.TestInvoker.invokeMethod(TestInvoker.java:686)<br />
              org.testng.internal.invokers.TestInvoker.invokeTestMethod(TestInvoker.java:230)<br />
              org.testng.internal.invokers.MethodRunner.runInSequence(MethodRunner.java:63)<br />
              org.testng.internal.invokers.TestInvoker$MethodInvocationAgent.invoke(TestInvoker.java:992)<br />
              org.testng.internal.invokers.TestInvoker.invokeTestMethods(TestInvoker.java:203)<br />
              org.testng.internal.invokers.TestMethodWorker.invokeTestMethods(TestMethodWorker.java:154)<br />
              org.testng.internal.invokers.TestMethodWorker.run(TestMethodWorker.java:134)<br />
              java.base/java.util.ArrayList.forEach(ArrayList.java:1511)<br />
              org.testng.TestRunner.privateRun(TestRunner.java:739)<br />
              org.testng.TestRunner.run(TestRunner.java:614)<br />
              org.testng.SuiteRunner.runTest(SuiteRunner.java:421)<br />
              org.testng.SuiteRunner.runSequentially(SuiteRunner.java:413)<br />
              org.testng.SuiteRunner.privateRun(SuiteRunner.java:373)<br />
              org.testng.SuiteRunner.run(SuiteRunner.java:312)<br />
              org.testng.SuiteRunnerWorker.runSuite(SuiteRunnerWorker.java:52)<br />
              org.testng.SuiteRunnerWorker.run(SuiteRunnerWorker.java:95)<br />
              org.testng.TestNG.runSuitesSequentially(TestNG.java:1274)<br />
              org.testng.TestNG.runSuitesLocally(TestNG.java:1208)<br />
              org.testng.TestNG.runSuites(TestNG.java:1112)<br />
              org.testng.TestNG.run(TestNG.java:1079)<br />
              com.intellij.rt.testng.IDEARemoteTestNG.run(IDEARemoteTestNG.java:65)<br />
              com.intellij.rt.testng.RemoteTestNGStarter.main(RemoteTestNGStarter.java:105)<br />
                </div>
      </td>
</tr>
          <tr>
        <td colspan="3" class="group">com.orangehrmlive.demo.testsuite.UsersTest</td>
      </tr>
            
<tr>
  <td class="method">
                  verifyThatAdminShouldDeleteTheUserSuccessFully
      </td>
  <td class="duration">
    24.539s
  </td>
  <td class="result">
        
    
            <div class="testOutput">
                        inputUsername<br />
                                inputPassword<br />
                                clickonLoginButton<br />
                                clickOnAdmin<br />
                                VerfisystemUsersText<br />
                                enterUsername<br />
                                Select User roles [[ChromeDriver: chrome on windows (9574d325fd663e945782b335a6955217)] -&gt; xpath: //body/div[@id=&quot;app&quot;]/div[@class=&quot;oxd-layout orangehrm-upgrade-layout&quot;]/div[@class=&quot;oxd-layout-container&quot;]/div[@class=&quot;oxd-layout-context&quot;]/div[@class=&quot;orangehrm-background-container&quot;]/div[@class=&quot;oxd-table-filter&quot;]/div[@class=&quot;oxd-table-filter-area&quot;]/form[@class=&quot;oxd-form&quot;]/div[@class=&quot;oxd-form-row&quot;]/div[@class=&quot;oxd-grid-4 orangehrm-full-width-grid&quot;]/div[2]/div[1]/div[2]/div[1]/div[1]] as Admin<br />
                                Select User roles [[ChromeDriver: chrome on windows (9574d325fd663e945782b335a6955217)] -&gt; xpath: //body/div[@id=&quot;app&quot;]/div[@class=&quot;oxd-layout orangehrm-upgrade-layout&quot;]/div[@class=&quot;oxd-layout-container&quot;]/div[@class=&quot;oxd-layout-context&quot;]/div[@class=&quot;orangehrm-background-container&quot;]/div[@class=&quot;oxd-table-filter&quot;]/div[@class=&quot;oxd-table-filter-area&quot;]/form[@class=&quot;oxd-form&quot;]/div[@class=&quot;oxd-form-row&quot;]/div[@class=&quot;oxd-grid-4 orangehrm-full-width-grid&quot;]/div[4]/div[1]/div[2]/div[1]/div[1]] as Disable<br />
                                clickONSearch<br />
                                verifyrecordPresent<br />
                  </div>
    

        <a href="javascript:toggleElement('exception-1', 'block')" title="Click to expand/collapse"><b>org.openqa.selenium.NoSuchElementException: no such element: Unable to locate element: {&quot;method&quot;:&quot;xpath&quot;,&quot;selector&quot;:&quot;//div[contains(text(),&quot;shaveta&quot;)]&quot;}<br/>
&nbsp; (Session info: chrome=131.0.6778.109)<br/>
For documentation on this error, please visit: https://www.selenium.dev/documentation/webdriver/troubleshooting/errors#no-such-element-exception<br/>
Build info: version: &apos;4.26.0&apos;, revision: &apos;8ccf0219d7&apos;<br/>
System info: os.name: &apos;Windows 11&apos;, os.arch: &apos;amd64&apos;, os.version: &apos;10.0&apos;, java.version: &apos;17.0.8&apos;<br/>
Driver info: org.openqa.selenium.chrome.ChromeDriver<br/>
Command: [9574d325fd663e945782b335a6955217, findElement {value=//div[contains(text(),&quot;shaveta&quot;)], using=xpath}]<br/>
Capabilities {acceptInsecureCerts: false, browserName: chrome, browserVersion: 131.0.6778.109, chrome: {chromedriverVersion: 131.0.6778.108 (3b014839fbc..., userDataDir: C:\Users\sadhw\AppData\Loca...}, fedcm:accounts: true, goog:chromeOptions: {debuggerAddress: localhost:57001}, networkConnectionEnabled: false, pageLoadStrategy: normal, platformName: windows, proxy: Proxy(), se:cdp: ws://localhost:57001/devtoo..., se:cdpVersion: 131.0.6778.109, setWindowRect: true, strictFileInteractability: false, timeouts: {implicit: 0, pageLoad: 300000, script: 30000}, unhandledPromptBehavior: dismiss and notify, webauthn:extension:credBlob: true, webauthn:extension:largeBlob: true, webauthn:extension:minPinLength: true, webauthn:extension:prf: true, webauthn:virtualAuthenticators: true}<br/>
Session ID: 9574d325fd663e945782b335a6955217</b></a><br />
    <div class="stackTrace" id="exception-1">
              java.base/jdk.internal.reflect.NativeConstructorAccessorImpl.newInstance0(Native Method)<br />
              java.base/jdk.internal.reflect.NativeConstructorAccessorImpl.newInstance(NativeConstructorAccessorImpl.java:77)<br />
              java.base/jdk.internal.reflect.DelegatingConstructorAccessorImpl.newInstance(DelegatingConstructorAccessorImpl.java:45)<br />
              java.base/java.lang.reflect.Constructor.newInstanceWithCaller(Constructor.java:499)<br />
              java.base/java.lang.reflect.Constructor.newInstance(Constructor.java:480)<br />
              org.openqa.selenium.remote.ErrorCodec.decode(ErrorCodec.java:167)<br />
              org.openqa.selenium.remote.codec.w3c.W3CHttpResponseCodec.decode(W3CHttpResponseCodec.java:138)<br />
              org.openqa.selenium.remote.codec.w3c.W3CHttpResponseCodec.decode(W3CHttpResponseCodec.java:50)<br />
              org.openqa.selenium.remote.HttpCommandExecutor.execute(HttpCommandExecutor.java:190)<br />
              org.openqa.selenium.remote.service.DriverCommandExecutor.invokeExecute(DriverCommandExecutor.java:216)<br />
              org.openqa.selenium.remote.service.DriverCommandExecutor.execute(DriverCommandExecutor.java:174)<br />
              org.openqa.selenium.remote.RemoteWebDriver.execute(RemoteWebDriver.java:545)<br />
              org.openqa.selenium.remote.ElementLocation$ElementFinder$2.findElement(ElementLocation.java:165)<br />
              org.openqa.selenium.remote.ElementLocation.findElement(ElementLocation.java:59)<br />
              org.openqa.selenium.remote.RemoteWebDriver.findElement(RemoteWebDriver.java:368)<br />
              org.openqa.selenium.remote.RemoteWebDriver.findElement(RemoteWebDriver.java:362)<br />
              org.openqa.selenium.support.pagefactory.DefaultElementLocator.findElement(DefaultElementLocator.java:68)<br />
              org.openqa.selenium.support.pagefactory.internal.LocatingElementHandler.invoke(LocatingElementHandler.java:38)<br />
              jdk.proxy2/jdk.proxy2.$Proxy16.getText(Unknown Source)<br />
              com.orangehrmlive.demo.utilities.Utility.getTextFromElement(Utility.java:38)<br />
              com.orangehrmlive.demo.pages.ViewSystemUsersPage.verifyrecordPresent(ViewSystemUsersPage.java:139)<br />
              com.orangehrmlive.demo.testsuite.UsersTest.verifyThatAdminShouldDeleteTheUserSuccessFully(UsersTest.java:141)<br />
              java.base/jdk.internal.reflect.NativeMethodAccessorImpl.invoke0(Native Method)<br />
              java.base/jdk.internal.reflect.NativeMethodAccessorImpl.invoke(NativeMethodAccessorImpl.java:77)<br />
              java.base/jdk.internal.reflect.DelegatingMethodAccessorImpl.invoke(DelegatingMethodAccessorImpl.java:43)<br />
              java.base/java.lang.reflect.Method.invoke(Method.java:568)<br />
              org.testng.internal.invokers.MethodInvocationHelper.invokeMethod(MethodInvocationHelper.java:141)<br />
              org.testng.internal.invokers.TestInvoker.invokeMethod(TestInvoker.java:686)<br />
              org.testng.internal.invokers.TestInvoker.invokeTestMethod(TestInvoker.java:230)<br />
              org.testng.internal.invokers.MethodRunner.runInSequence(MethodRunner.java:63)<br />
              org.testng.internal.invokers.TestInvoker$MethodInvocationAgent.invoke(TestInvoker.java:992)<br />
              org.testng.internal.invokers.TestInvoker.invokeTestMethods(TestInvoker.java:203)<br />
              org.testng.internal.invokers.TestMethodWorker.invokeTestMethods(TestMethodWorker.java:154)<br />
              org.testng.internal.invokers.TestMethodWorker.run(TestMethodWorker.java:134)<br />
              java.base/java.util.ArrayList.forEach(ArrayList.java:1511)<br />
              org.testng.TestRunner.privateRun(TestRunner.java:739)<br />
              org.testng.TestRunner.run(TestRunner.java:614)<br />
              org.testng.SuiteRunner.runTest(SuiteRunner.java:421)<br />
              org.testng.SuiteRunner.runSequentially(SuiteRunner.java:413)<br />
              org.testng.SuiteRunner.privateRun(SuiteRunner.java:373)<br />
              org.testng.SuiteRunner.run(SuiteRunner.java:312)<br />
              org.testng.SuiteRunnerWorker.runSuite(SuiteRunnerWorker.java:52)<br />
              org.testng.SuiteRunnerWorker.run(SuiteRunnerWorker.java:95)<br />
              org.testng.TestNG.runSuitesSequentially(TestNG.java:1274)<br />
              org.testng.TestNG.runSuitesLocally(TestNG.java:1208)<br />
              org.testng.TestNG.runSuites(TestNG.java:1112)<br />
              org.testng.TestNG.run(TestNG.java:1079)<br />
              com.intellij.rt.testng.IDEARemoteTestNG.run(IDEARemoteTestNG.java:65)<br />
              com.intellij.rt.testng.RemoteTestNGStarter.main(RemoteTestNGStarter.java:105)<br />
                </div>
      </td>
</tr>
      </table>


  <table class="resultsTable">
    <tr><th colspan="3" class="header passed">Passed Tests</th></tr>
          <tr>
        <td colspan="3" class="group">com.orangehrmlive.demo.testsuite.LoginTest</td>
      </tr>
            
<tr>
  <td class="method">
                  VerifyUserShouldLogOutSuccessFully
      </td>
  <td class="duration">
    3.422s
  </td>
  <td class="result">
        
    
            <div class="testOutput">
                        inputUsername<br />
                                inputPassword<br />
                                clickonLoginButton<br />
                                clickOnUserProfileLogo<br />
                                mouseHoverAndClickOnLogoutButton<br />
                  </div>
    

      </td>
</tr>
<tr>
  <td class="method">
                  verifyErrorMessageWithInvalidCredentials
      </td>
  <td class="duration">
    1.273s
  </td>
  <td class="result">
        
          <i>Method arguments: </i><span class="arguments">"test123@gmail.com", "test123", "Invalid credentials"</span><br />
    
            <div class="testOutput">
                        inputUsername<br />
                                inputPassword<br />
                                clickonLoginButton<br />
                  </div>
    

      </td>
</tr>
<tr>
  <td class="method">
                  verifyErrorMessageWithInvalidCredentials
      </td>
  <td class="duration">
    0.610s
  </td>
  <td class="result">
        
          <i>Method arguments: </i><span class="arguments">"", "test123", "Required"</span><br />
    
            <div class="testOutput">
                        inputUsername<br />
                                inputPassword<br />
                                clickonLoginButton<br />
                  </div>
    

      </td>
</tr>
<tr>
  <td class="method">
                  verifyErrorMessageWithInvalidCredentials
      </td>
  <td class="duration">
    0.818s
  </td>
  <td class="result">
        
          <i>Method arguments: </i><span class="arguments">"", "", "Required"</span><br />
    
            <div class="testOutput">
                        inputUsername<br />
                                inputPassword<br />
                                clickonLoginButton<br />
                  </div>
    

      </td>
</tr>
          <tr>
        <td colspan="3" class="group">com.orangehrmlive.demo.testsuite.UsersTest</td>
      </tr>
            
<tr>
  <td class="method">
                  searchTheDeletedUserAndVerifyTheMessageNoRecordFound
      </td>
  <td class="duration">
    3.603s
  </td>
  <td class="result">
        
          <i>Method arguments: </i><span class="arguments">"Odis.Adalwin", "Admin", "Odis Adalwin", "Enable"</span><br />
    
            <div class="testOutput">
                        inputUsername<br />
                                inputPassword<br />
                                clickonLoginButton<br />
                                clickOnAdmin<br />
                                VerfisystemUsersText<br />
                                enterUsername<br />
                                Select User roles [[ChromeDriver: chrome on windows (875aae36302a3c5607e86844c83e1a43)] -&gt; xpath: //body/div[@id=&quot;app&quot;]/div[@class=&quot;oxd-layout orangehrm-upgrade-layout&quot;]/div[@class=&quot;oxd-layout-container&quot;]/div[@class=&quot;oxd-layout-context&quot;]/div[@class=&quot;orangehrm-background-container&quot;]/div[@class=&quot;oxd-table-filter&quot;]/div[@class=&quot;oxd-table-filter-area&quot;]/form[@class=&quot;oxd-form&quot;]/div[@class=&quot;oxd-form-row&quot;]/div[@class=&quot;oxd-grid-4 orangehrm-full-width-grid&quot;]/div[2]/div[1]/div[2]/div[1]/div[1]] as Admin<br />
                                Select User roles [[ChromeDriver: chrome on windows (875aae36302a3c5607e86844c83e1a43)] -&gt; xpath: //body/div[@id=&quot;app&quot;]/div[@class=&quot;oxd-layout orangehrm-upgrade-layout&quot;]/div[@class=&quot;oxd-layout-container&quot;]/div[@class=&quot;oxd-layout-context&quot;]/div[@class=&quot;orangehrm-background-container&quot;]/div[@class=&quot;oxd-table-filter&quot;]/div[@class=&quot;oxd-table-filter-area&quot;]/form[@class=&quot;oxd-form&quot;]/div[@class=&quot;oxd-form-row&quot;]/div[@class=&quot;oxd-grid-4 orangehrm-full-width-grid&quot;]/div[4]/div[1]/div[2]/div[1]/div[1]] as Enable<br />
                                clickONSearch<br />
                  </div>
    

      </td>
</tr>
<tr>
  <td class="method">
                  searchTheDeletedUserAndVerifyTheMessageNoRecordFound
      </td>
  <td class="duration">
    3.416s
  </td>
  <td class="result">
        
          <i>Method arguments: </i><span class="arguments">"Admin1", "Admin", "Paul Collings", "Enable"</span><br />
    
            <div class="testOutput">
                        inputUsername<br />
                                inputPassword<br />
                                clickonLoginButton<br />
                                clickOnAdmin<br />
                                VerfisystemUsersText<br />
                                enterUsername<br />
                                Select User roles [[ChromeDriver: chrome on windows (03b5bb9441b347ce57ebed1e793e3546)] -&gt; xpath: //body/div[@id=&quot;app&quot;]/div[@class=&quot;oxd-layout orangehrm-upgrade-layout&quot;]/div[@class=&quot;oxd-layout-container&quot;]/div[@class=&quot;oxd-layout-context&quot;]/div[@class=&quot;orangehrm-background-container&quot;]/div[@class=&quot;oxd-table-filter&quot;]/div[@class=&quot;oxd-table-filter-area&quot;]/form[@class=&quot;oxd-form&quot;]/div[@class=&quot;oxd-form-row&quot;]/div[@class=&quot;oxd-grid-4 orangehrm-full-width-grid&quot;]/div[2]/div[1]/div[2]/div[1]/div[1]] as Admin<br />
                                Select User roles [[ChromeDriver: chrome on windows (03b5bb9441b347ce57ebed1e793e3546)] -&gt; xpath: //body/div[@id=&quot;app&quot;]/div[@class=&quot;oxd-layout orangehrm-upgrade-layout&quot;]/div[@class=&quot;oxd-layout-container&quot;]/div[@class=&quot;oxd-layout-context&quot;]/div[@class=&quot;orangehrm-background-container&quot;]/div[@class=&quot;oxd-table-filter&quot;]/div[@class=&quot;oxd-table-filter-area&quot;]/form[@class=&quot;oxd-form&quot;]/div[@class=&quot;oxd-form-row&quot;]/div[@class=&quot;oxd-grid-4 orangehrm-full-width-grid&quot;]/div[4]/div[1]/div[2]/div[1]/div[1]] as Enable<br />
                                clickONSearch<br />
                  </div>
    

      </td>
</tr>
<tr>
  <td class="method">
                  searchTheDeletedUserAndVerifyTheMessageNoRecordFound
      </td>
  <td class="duration">
    3.245s
  </td>
  <td class="result">
        
          <i>Method arguments: </i><span class="arguments">"Nina.Patel", "ESS", "Nina Patel", "Enable"</span><br />
    
            <div class="testOutput">
                        inputUsername<br />
                                inputPassword<br />
                                clickonLoginButton<br />
                                clickOnAdmin<br />
                                VerfisystemUsersText<br />
                                enterUsername<br />
                                Select User roles [[ChromeDriver: chrome on windows (0067a4dca0c04b4fd7a559b3a55b2ce3)] -&gt; xpath: //body/div[@id=&quot;app&quot;]/div[@class=&quot;oxd-layout orangehrm-upgrade-layout&quot;]/div[@class=&quot;oxd-layout-container&quot;]/div[@class=&quot;oxd-layout-context&quot;]/div[@class=&quot;orangehrm-background-container&quot;]/div[@class=&quot;oxd-table-filter&quot;]/div[@class=&quot;oxd-table-filter-area&quot;]/form[@class=&quot;oxd-form&quot;]/div[@class=&quot;oxd-form-row&quot;]/div[@class=&quot;oxd-grid-4 orangehrm-full-width-grid&quot;]/div[2]/div[1]/div[2]/div[1]/div[1]] as ESS<br />
                                Select User roles [[ChromeDriver: chrome on windows (0067a4dca0c04b4fd7a559b3a55b2ce3)] -&gt; xpath: //body/div[@id=&quot;app&quot;]/div[@class=&quot;oxd-layout orangehrm-upgrade-layout&quot;]/div[@class=&quot;oxd-layout-container&quot;]/div[@class=&quot;oxd-layout-context&quot;]/div[@class=&quot;orangehrm-background-container&quot;]/div[@class=&quot;oxd-table-filter&quot;]/div[@class=&quot;oxd-table-filter-area&quot;]/form[@class=&quot;oxd-form&quot;]/div[@class=&quot;oxd-form-row&quot;]/div[@class=&quot;oxd-grid-4 orangehrm-full-width-grid&quot;]/div[4]/div[1]/div[2]/div[1]/div[1]] as Enable<br />
                                clickONSearch<br />
                  </div>
    

      </td>
</tr>
<tr>
  <td class="method">
                  searchTheDeletedUserAndVerifyTheMessageNoRecordFound
      </td>
  <td class="duration">
    3.437s
  </td>
  <td class="result">
        
          <i>Method arguments: </i><span class="arguments">"Cassidy.Hope", "ESS", "Cassidy Hope", "Enable"</span><br />
    
            <div class="testOutput">
                        inputUsername<br />
                                inputPassword<br />
                                clickonLoginButton<br />
                                clickOnAdmin<br />
                                VerfisystemUsersText<br />
                                enterUsername<br />
                                Select User roles [[ChromeDriver: chrome on windows (7ced6abd1a37b9260890a42d7e6bc79d)] -&gt; xpath: //body/div[@id=&quot;app&quot;]/div[@class=&quot;oxd-layout orangehrm-upgrade-layout&quot;]/div[@class=&quot;oxd-layout-container&quot;]/div[@class=&quot;oxd-layout-context&quot;]/div[@class=&quot;orangehrm-background-container&quot;]/div[@class=&quot;oxd-table-filter&quot;]/div[@class=&quot;oxd-table-filter-area&quot;]/form[@class=&quot;oxd-form&quot;]/div[@class=&quot;oxd-form-row&quot;]/div[@class=&quot;oxd-grid-4 orangehrm-full-width-grid&quot;]/div[2]/div[1]/div[2]/div[1]/div[1]] as ESS<br />
                                Select User roles [[ChromeDriver: chrome on windows (7ced6abd1a37b9260890a42d7e6bc79d)] -&gt; xpath: //body/div[@id=&quot;app&quot;]/div[@class=&quot;oxd-layout orangehrm-upgrade-layout&quot;]/div[@class=&quot;oxd-layout-container&quot;]/div[@class=&quot;oxd-layout-context&quot;]/div[@class=&quot;orangehrm-background-container&quot;]/div[@class=&quot;oxd-table-filter&quot;]/div[@class=&quot;oxd-table-filter-area&quot;]/form[@class=&quot;oxd-form&quot;]/div[@class=&quot;oxd-form-row&quot;]/div[@class=&quot;oxd-grid-4 orangehrm-full-width-grid&quot;]/div[4]/div[1]/div[2]/div[1]/div[1]] as Enable<br />
                                clickONSearch<br />
                  </div>
    

      </td>
</tr>
      </table>
  
</body>
</html>
